<?xml version="1.0" encoding="UTF-8"?>
<testsuite name="com.ilCarro.qa14.tests.CreateAccountTest" tests="1" skipped="0" failures="0" errors="0" timestamp="2021-06-19T09:31:45" hostname="Saschas-MBP.fritz.box" time="1.222">
  <properties/>
  <testcase name="signUpTest" classname="com.ilCarro.qa14.tests.CreateAccountTest" time="1.222"/>
  <system-out><![CDATA[11:31:35.842 [Test worker] INFO  com.ilCarro.qa14.tests.TestBase - Start test signUpTest with data: []
11:31:35.845 [Test worker] INFO  com.ilCarro.qa14.tests.TestBase - Start search By.cssSelector: [href='/signup']
11:31:45.892 [Test worker] INFO  com.ilCarro.qa14.tests.TestBase - By.cssSelector: [href='/signup'] found. 
11:31:45.893 [Test worker] INFO  com.ilCarro.qa14.tests.TestBase - Start search By.xpath: //a[contains(.,'logOut')]
11:31:45.904 [Test worker] INFO  com.ilCarro.qa14.tests.TestBase - By.xpath: //a[contains(.,'logOut')] found. 
11:31:45.971 [Test worker] INFO  com.ilCarro.qa14.tests.TestBase - Start search By.cssSelector: [href='/signup']
11:31:45.988 [Test worker] INFO  com.ilCarro.qa14.tests.TestBase - By.cssSelector: [href='/signup'] found. 
11:31:46.048 [Test worker] INFO  com.ilCarro.qa14.tests.TestBase - Start search By.cssSelector: form.signup__fields
11:31:46.063 [Test worker] INFO  com.ilCarro.qa14.tests.TestBase - By.cssSelector: form.signup__fields found. 
11:31:46.071 [Test worker] INFO  com.ilCarro.qa14.tests.TestBase - Start search By.cssSelector: #first_name
11:31:46.084 [Test worker] INFO  com.ilCarro.qa14.tests.TestBase - By.cssSelector: #first_name found. 
11:31:46.157 [Test worker] INFO  com.ilCarro.qa14.tests.TestBase - Start search By.cssSelector: #first_name
11:31:46.167 [Test worker] INFO  com.ilCarro.qa14.tests.TestBase - By.cssSelector: #first_name found. 
11:31:46.189 [Test worker] INFO  com.ilCarro.qa14.tests.TestBase - Start search By.cssSelector: #first_name
11:31:46.196 [Test worker] INFO  com.ilCarro.qa14.tests.TestBase - By.cssSelector: #first_name found. 
11:31:46.230 [Test worker] INFO  com.ilCarro.qa14.tests.TestBase - Start search By.cssSelector: #second_name
11:31:46.242 [Test worker] INFO  com.ilCarro.qa14.tests.TestBase - By.cssSelector: #second_name found. 
11:31:46.284 [Test worker] INFO  com.ilCarro.qa14.tests.TestBase - Start search By.cssSelector: #second_name
11:31:46.291 [Test worker] INFO  com.ilCarro.qa14.tests.TestBase - By.cssSelector: #second_name found. 
11:31:46.321 [Test worker] INFO  com.ilCarro.qa14.tests.TestBase - Start search By.cssSelector: #second_name
11:31:46.329 [Test worker] INFO  com.ilCarro.qa14.tests.TestBase - By.cssSelector: #second_name found. 
11:31:46.372 [Test worker] INFO  com.ilCarro.qa14.tests.TestBase - Start search By.cssSelector: #email
11:31:46.394 [Test worker] INFO  com.ilCarro.qa14.tests.TestBase - By.cssSelector: #email found. 
11:31:46.437 [Test worker] INFO  com.ilCarro.qa14.tests.TestBase - Start search By.cssSelector: #email
11:31:46.451 [Test worker] INFO  com.ilCarro.qa14.tests.TestBase - By.cssSelector: #email found. 
11:31:46.471 [Test worker] INFO  com.ilCarro.qa14.tests.TestBase - Start search By.cssSelector: #email
11:31:46.479 [Test worker] INFO  com.ilCarro.qa14.tests.TestBase - By.cssSelector: #email found. 
11:31:46.595 [Test worker] INFO  com.ilCarro.qa14.tests.TestBase - Start search By.cssSelector: #password
11:31:46.608 [Test worker] INFO  com.ilCarro.qa14.tests.TestBase - By.cssSelector: #password found. 
11:31:46.654 [Test worker] INFO  com.ilCarro.qa14.tests.TestBase - Start search By.cssSelector: #password
11:31:46.661 [Test worker] INFO  com.ilCarro.qa14.tests.TestBase - By.cssSelector: #password found. 
11:31:46.681 [Test worker] INFO  com.ilCarro.qa14.tests.TestBase - Start search By.cssSelector: #password
11:31:46.689 [Test worker] INFO  com.ilCarro.qa14.tests.TestBase - By.cssSelector: #password found. 
11:31:46.731 [Test worker] INFO  com.ilCarro.qa14.tests.TestBase - Start search By.cssSelector: #check_policy
11:31:46.741 [Test worker] INFO  com.ilCarro.qa14.tests.TestBase - By.cssSelector: #check_policy found. 
11:31:46.775 [Test worker] INFO  com.ilCarro.qa14.tests.TestBase - Start search By.cssSelector: [type="submit"]
11:31:46.811 [Test worker] INFO  com.ilCarro.qa14.tests.TestBase - By.cssSelector: [type="submit"] found. 
11:31:46.843 [Test worker] INFO  com.ilCarro.qa14.tests.TestBase - Start search By.cssSelector: .style_title_block__fCXs6
11:31:47.193 [Test worker] INFO  com.ilCarro.qa14.tests.TestBase - By.cssSelector: .style_title_block__fCXs6 found. 
11:31:47.194 [Test worker] INFO  com.ilCarro.qa14.tests.TestBase - PASSED: test method signUpTest
11:31:47.194 [Test worker] INFO  com.ilCarro.qa14.tests.TestBase - ============================================
]]></system-out>
  <system-err><![CDATA[]]></system-err>
</testsuite>
